<?xml version="1.0" encoding="UTF-8"?>
<!-- Generated by org.testng.reporters.JUnitReportReporter -->
<testsuite hostname="Hp" failures="0" tests="1" name="qa.yocket.tests.TestScoresPageTest" time="1.875" errors="0" timestamp="28 Jul 2022 08:05:49 GMT" skipped="0">
  <testcase classname="qa.yocket.tests.TestScoresPageTest" name="selectDreamEducationTest" time="1.875"/>
</testsuite> <!-- qa.yocket.tests.TestScoresPageTest -->
