<?xml version="1.0" encoding="UTF-8"?>
<!-- Generated by org.testng.reporters.JUnitReportReporter -->
<testsuite hostname="Hp" failures="0" tests="2" name="qa.yocket.tests.HomePageTest" time="2.012" errors="0" timestamp="29 Jul 2022 05:35:48 GMT" skipped="0">
  <testcase classname="qa.yocket.tests.HomePageTest" name="homePageTitleTest" time="0.677"/>
  <testcase classname="qa.yocket.tests.HomePageTest" name="homePageTest" time="1.335"/>
</testsuite> <!-- qa.yocket.tests.HomePageTest -->
